<?xml version="1.0" encoding="utf-8"?><testsuites name="pytest tests"><testsuite name="pytest" errors="0" failures="0" skipped="0" tests="9" time="1.535" timestamp="2026-02-18T11:53:23.694734+00:00" hostname="agent-env-8e34fe88-4c25-426f-bf72-bdfc7ea8b277"><testcase classname="backend.tests.test_iteration9_moderator.TestModeratorRole" name="test_auth_me_returns_role_for_regular_user" time="0.303" /><testcase classname="backend.tests.test_iteration9_moderator.TestModeratorRole" name="test_auth_me_returns_moderator_role" time="0.123" /><testcase classname="backend.tests.test_iteration9_moderator.TestModeratorSubmissionVoting" name="test_moderator_single_vote_approves_submission" time="0.118" /><testcase classname="backend.tests.test_iteration9_moderator.TestModeratorSubmissionVoting" name="test_regular_user_vote_weight_is_one" time="0.112" /><testcase classname="backend.tests.test_iteration9_moderator.TestModeratorReportVoting" name="test_moderator_single_vote_approves_report" time="0.140" /><testcase classname="backend.tests.test_iteration9_moderator.TestMasterKitFields" name="test_create_master_kit_with_all_fields" time="0.110" /><testcase classname="backend.tests.test_iteration9_moderator.TestMasterKitFields" name="test_get_master_kit_returns_all_fields" time="0.111" /><testcase classname="backend.tests.test_iteration9_moderator.TestVersionFields" name="test_create_version_with_all_fields" time="0.129" /><testcase classname="backend.tests.test_iteration9_moderator.TestVersionFields" name="test_get_version_returns_competition" time="0.124" /></testsuite></testsuites>