<?xml version="1.0" encoding="utf-8"?><testsuites name="pytest tests"><testsuite name="pytest" errors="0" failures="0" skipped="0" tests="28" time="7.178" timestamp="2026-02-18T17:08:57.321599+00:00" hostname="agent-env-15fe3882-de6c-480e-8f6e-985327166e1d"><testcase classname="backend.tests.test_iteration10_entities.TestTeamsAPI" name="test_list_teams" time="0.282" /><testcase classname="backend.tests.test_iteration10_entities.TestTeamsAPI" name="test_list_teams_with_search" time="0.167" /><testcase classname="backend.tests.test_iteration10_entities.TestTeamsAPI" name="test_list_teams_with_country_filter" time="0.142" /><testcase classname="backend.tests.test_iteration10_entities.TestTeamsAPI" name="test_get_team_by_id" time="0.396" /><testcase classname="backend.tests.test_iteration10_entities.TestTeamsAPI" name="test_get_team_by_slug" time="0.268" /><testcase classname="backend.tests.test_iteration10_entities.TestTeamsAPI" name="test_create_team" time="0.270" /><testcase classname="backend.tests.test_iteration10_entities.TestTeamsAPI" name="test_create_duplicate_team_fails" time="0.496" /><testcase classname="backend.tests.test_iteration10_entities.TestTeamsAPI" name="test_update_team" time="0.226" /><testcase classname="backend.tests.test_iteration10_entities.TestLeaguesAPI" name="test_list_leagues" time="0.125" /><testcase classname="backend.tests.test_iteration10_entities.TestLeaguesAPI" name="test_get_league_by_id" time="0.336" /><testcase classname="backend.tests.test_iteration10_entities.TestLeaguesAPI" name="test_create_league" time="0.205" /><testcase classname="backend.tests.test_iteration10_entities.TestBrandsAPI" name="test_list_brands" time="0.149" /><testcase classname="backend.tests.test_iteration10_entities.TestBrandsAPI" name="test_list_brands_with_search" time="0.119" /><testcase classname="backend.tests.test_iteration10_entities.TestBrandsAPI" name="test_get_brand_by_id" time="0.342" /><testcase classname="backend.tests.test_iteration10_entities.TestBrandsAPI" name="test_create_brand" time="0.120" /><testcase classname="backend.tests.test_iteration10_entities.TestPlayersAPI" name="test_list_players" time="0.160" /><testcase classname="backend.tests.test_iteration10_entities.TestPlayersAPI" name="test_get_player_by_id" time="0.462" /><testcase classname="backend.tests.test_iteration10_entities.TestPlayersAPI" name="test_create_player" time="0.140" /><testcase classname="backend.tests.test_iteration10_entities.TestAutocomplete" name="test_autocomplete_team" time="0.170" /><testcase classname="backend.tests.test_iteration10_entities.TestAutocomplete" name="test_autocomplete_brand" time="0.105" /><testcase classname="backend.tests.test_iteration10_entities.TestAutocomplete" name="test_autocomplete_league" time="0.133" /><testcase classname="backend.tests.test_iteration10_entities.TestAutocomplete" name="test_autocomplete_player" time="0.145" /><testcase classname="backend.tests.test_iteration10_entities.TestAutocomplete" name="test_legacy_autocomplete_club" time="0.164" /><testcase classname="backend.tests.test_iteration10_entities.TestAutocomplete" name="test_legacy_autocomplete_brand" time="0.176" /><testcase classname="backend.tests.test_iteration10_entities.TestMigration" name="test_migrate_entities_idempotent" time="1.075" /><testcase classname="backend.tests.test_iteration10_entities.TestExistingEndpoints" name="test_browse_page_data" time="0.238" /><testcase classname="backend.tests.test_iteration10_entities.TestExistingEndpoints" name="test_filters_endpoint" time="0.201" /><testcase classname="backend.tests.test_iteration10_entities.TestExistingEndpoints" name="test_stats_endpoint" time="0.224" /></testsuite></testsuites>