<?xml version="1.0" encoding="utf-8"?><testsuites name="pytest tests"><testsuite name="pytest" errors="0" failures="0" skipped="0" tests="13" time="1.824" timestamp="2026-02-19T10:33:12.047816+00:00" hostname="agent-env-19b30563-7855-4c33-ae8d-4af53509d27f"><testcase classname="tests.test_iteration14_ui_fixes.TestBasicAPIs" name="test_stats_endpoint" time="0.128" /><testcase classname="tests.test_iteration14_ui_fixes.TestBasicAPIs" name="test_master_kits_list" time="0.114" /><testcase classname="tests.test_iteration14_ui_fixes.TestBasicAPIs" name="test_versions_list" time="0.116" /><testcase classname="tests.test_iteration14_ui_fixes.TestUserByUsername" name="test_get_user_by_username_exists" time="0.109" /><testcase classname="tests.test_iteration14_ui_fixes.TestUserByUsername" name="test_get_user_by_username_not_found" time="0.106" /><testcase classname="tests.test_iteration14_ui_fixes.TestReportErrorAPI" name="test_create_error_report" time="0.158" /><testcase classname="tests.test_iteration14_ui_fixes.TestReportErrorAPI" name="test_create_removal_report_version" time="0.169" /><testcase classname="tests.test_iteration14_ui_fixes.TestReportErrorAPI" name="test_create_removal_report_master_kit" time="0.197" /><testcase classname="tests.test_iteration14_ui_fixes.TestReportErrorAPI" name="test_invalid_report_type" time="0.195" /><testcase classname="tests.test_iteration14_ui_fixes.TestReportErrorAPI" name="test_list_reports" time="0.102" /><testcase classname="tests.test_iteration14_ui_fixes.TestMasterKitErrorReport" name="test_create_kit_error_report" time="0.164" /><testcase classname="tests.test_iteration14_ui_fixes.TestProfileEndpoints" name="test_auth_me_endpoint" time="0.100" /><testcase classname="tests.test_iteration14_ui_fixes.TestProfileEndpoints" name="test_update_profile_requires_auth" time="0.107" /></testsuite></testsuites>