<?xml version="1.0" encoding="utf-8"?><testsuites name="pytest tests"><testsuite name="pytest" errors="0" failures="0" skipped="0" tests="21" time="5.255" timestamp="2026-02-18T17:31:24.793469+00:00" hostname="agent-env-15fe3882-de6c-480e-8f6e-985327166e1d"><testcase classname="backend.tests.test_iteration11_entity_moderation.TestEntitySubmissionTypes" name="test_submission_invalid_type_requires_auth" time="0.231" /><testcase classname="backend.tests.test_iteration11_entity_moderation.TestEntitySubmissionTypes" name="test_submission_without_auth_returns_401" time="0.172" /><testcase classname="backend.tests.test_iteration11_entity_moderation.TestExistingEndpointsPreserved" name="test_get_teams_works" time="0.446" /><testcase classname="backend.tests.test_iteration11_entity_moderation.TestExistingEndpointsPreserved" name="test_get_leagues_works" time="0.147" /><testcase classname="backend.tests.test_iteration11_entity_moderation.TestExistingEndpointsPreserved" name="test_get_brands_works" time="0.153" /><testcase classname="backend.tests.test_iteration11_entity_moderation.TestExistingEndpointsPreserved" name="test_get_players_works" time="0.114" /><testcase classname="backend.tests.test_iteration11_entity_moderation.TestExistingEndpointsPreserved" name="test_get_master_kits_works" time="0.160" /><testcase classname="backend.tests.test_iteration11_entity_moderation.TestExistingEndpointsPreserved" name="test_autocomplete_team_works" time="0.178" /><testcase classname="backend.tests.test_iteration11_entity_moderation.TestExistingEndpointsPreserved" name="test_autocomplete_league_works" time="0.154" /><testcase classname="backend.tests.test_iteration11_entity_moderation.TestExistingEndpointsPreserved" name="test_autocomplete_brand_works" time="0.174" /><testcase classname="backend.tests.test_iteration11_entity_moderation.TestExistingEndpointsPreserved" name="test_autocomplete_player_works" time="0.131" /><testcase classname="backend.tests.test_iteration11_entity_moderation.TestExistingEndpointsPreserved" name="test_get_team_detail_by_slug" time="0.351" /><testcase classname="backend.tests.test_iteration11_entity_moderation.TestSubmissionsListEndpoint" name="test_get_pending_submissions" time="0.141" /><testcase classname="backend.tests.test_iteration11_entity_moderation.TestSubmissionsListEndpoint" name="test_get_approved_submissions" time="0.133" /><testcase classname="backend.tests.test_iteration11_entity_moderation.TestSubmissionValidation" name="test_valid_submission_types_defined" time="0.652" /><testcase classname="backend.tests.test_iteration11_entity_moderation.TestEntityDetailPages" name="test_team_detail_has_suggest_edit_fields" time="0.254" /><testcase classname="backend.tests.test_iteration11_entity_moderation.TestEntityDetailPages" name="test_league_detail_has_edit_fields" time="0.424" /><testcase classname="backend.tests.test_iteration11_entity_moderation.TestEntityDetailPages" name="test_brand_detail_has_edit_fields" time="0.324" /><testcase classname="backend.tests.test_iteration11_entity_moderation.TestEntityDetailPages" name="test_player_detail_has_edit_fields" time="0.444" /><testcase classname="backend.tests.test_iteration11_entity_moderation.TestSubmissionServerCode" name="test_submission_endpoint_exists" time="0.205" /><testcase classname="backend.tests.test_iteration11_entity_moderation.TestSubmissionServerCode" name="test_vote_endpoint_exists" time="0.194" /></testsuite></testsuites>