<?xml version="1.0" encoding="utf-8"?><testsuites name="pytest tests"><testsuite name="pytest" errors="0" failures="0" skipped="0" tests="21" time="2.794" timestamp="2026-02-18T11:22:54.619144+00:00" hostname="agent-env-e8eec0c3-f241-4fb2-98c1-bb15f3282298"><testcase classname="tests.test_iteration8_features.TestEstimationUpdatedCoefficients" name="test_estimate_base_price_other" time="0.240" /><testcase classname="tests.test_iteration8_features.TestEstimationUpdatedCoefficients" name="test_estimate_competition_national_championship" time="0.123" /><testcase classname="tests.test_iteration8_features.TestEstimationUpdatedCoefficients" name="test_estimate_competition_national_cup" time="0.097" /><testcase classname="tests.test_iteration8_features.TestEstimationUpdatedCoefficients" name="test_estimate_competition_continental_cup" time="0.100" /><testcase classname="tests.test_iteration8_features.TestEstimationUpdatedCoefficients" name="test_estimate_competition_intercontinental_cup" time="0.100" /><testcase classname="tests.test_iteration8_features.TestEstimationUpdatedCoefficients" name="test_estimate_competition_world_cup" time="0.102" /><testcase classname="tests.test_iteration8_features.TestEstimationUpdatedCoefficients" name="test_estimate_origin_club_stock_updated" time="0.125" /><testcase classname="tests.test_iteration8_features.TestEstimationUpdatedCoefficients" name="test_estimate_origin_match_prepared_updated" time="0.120" /><testcase classname="tests.test_iteration8_features.TestEstimationUpdatedCoefficients" name="test_estimate_origin_match_worn_updated" time="0.106" /><testcase classname="tests.test_iteration8_features.TestEstimationUpdatedCoefficients" name="test_estimate_signed_updated" time="0.127" /><testcase classname="tests.test_iteration8_features.TestEstimationUpdatedCoefficients" name="test_full_estimate_scenario_1" time="0.108" /><testcase classname="tests.test_iteration8_features.TestEstimationUpdatedCoefficients" name="test_full_estimate_scenario_2" time="0.097" /><testcase classname="tests.test_iteration8_features.TestSchemaCleanup" name="test_master_kits_no_year_field" time="0.110" /><testcase classname="tests.test_iteration8_features.TestSchemaCleanup" name="test_master_kits_no_colors_field" time="0.101" /><testcase classname="tests.test_iteration8_features.TestSchemaCleanup" name="test_master_kits_no_competition_field" time="0.139" /><testcase classname="tests.test_iteration8_features.TestSchemaCleanup" name="test_master_kits_no_source_url_field" time="0.098" /><testcase classname="tests.test_iteration8_features.TestSchemaCleanup" name="test_master_kits_have_new_fields" time="0.102" /><testcase classname="tests.test_iteration8_features.TestFiltersEndpoint" name="test_filters_has_seasons_not_years" time="0.101" /><testcase classname="tests.test_iteration8_features.TestFiltersEndpoint" name="test_seasons_sorted_descending" time="0.103" /><testcase classname="tests.test_iteration8_features.TestVersionCompetitionEnum" name="test_create_version_with_valid_competitions" time="0.356" /><testcase classname="tests.test_iteration8_features.TestVersionModelEnum" name="test_create_version_with_other_model" time="0.147" /></testsuite></testsuites>