<?xml version="1.0" encoding="utf-8"?><testsuites name="pytest tests"><testsuite name="pytest" errors="0" failures="0" skipped="0" tests="35" time="7.185" timestamp="2026-02-18T20:15:17.631317+00:00" hostname="agent-env-305d75b0-13c6-4d3e-9bca-fdf9f452ceb4"><testcase classname="backend.tests.test_iteration12_refactor.TestStats" name="test_stats_returns_counts" time="0.233" /><testcase classname="backend.tests.test_iteration12_refactor.TestMasterKits" name="test_list_master_kits" time="0.157" /><testcase classname="backend.tests.test_iteration12_refactor.TestMasterKits" name="test_master_kits_with_club_filter" time="0.188" /><testcase classname="backend.tests.test_iteration12_refactor.TestMasterKits" name="test_master_kits_with_search" time="0.234" /><testcase classname="backend.tests.test_iteration12_refactor.TestMasterKits" name="test_master_kits_count" time="0.255" /><testcase classname="backend.tests.test_iteration12_refactor.TestMasterKits" name="test_master_kits_filters" time="0.115" /><testcase classname="backend.tests.test_iteration12_refactor.TestMasterKits" name="test_get_master_kit_by_id" time="0.275" /><testcase classname="backend.tests.test_iteration12_refactor.TestVersions" name="test_list_versions" time="0.175" /><testcase classname="backend.tests.test_iteration12_refactor.TestVersions" name="test_versions_by_kit_id" time="0.327" /><testcase classname="backend.tests.test_iteration12_refactor.TestVersions" name="test_get_version_by_id" time="0.299" /><testcase classname="backend.tests.test_iteration12_refactor.TestTeams" name="test_list_teams" time="0.131" /><testcase classname="backend.tests.test_iteration12_refactor.TestTeams" name="test_teams_search" time="0.130" /><testcase classname="backend.tests.test_iteration12_refactor.TestTeams" name="test_get_team_by_slug" time="0.364" /><testcase classname="backend.tests.test_iteration12_refactor.TestLeagues" name="test_list_leagues" time="0.127" /><testcase classname="backend.tests.test_iteration12_refactor.TestLeagues" name="test_get_league_by_slug" time="0.337" /><testcase classname="backend.tests.test_iteration12_refactor.TestBrands" name="test_list_brands" time="0.178" /><testcase classname="backend.tests.test_iteration12_refactor.TestBrands" name="test_get_brand_by_slug" time="0.322" /><testcase classname="backend.tests.test_iteration12_refactor.TestPlayers" name="test_list_players" time="0.242" /><testcase classname="backend.tests.test_iteration12_refactor.TestPlayers" name="test_get_player_by_slug" time="0.460" /><testcase classname="backend.tests.test_iteration12_refactor.TestAutocomplete" name="test_autocomplete_team_type" time="0.139" /><testcase classname="backend.tests.test_iteration12_refactor.TestAutocomplete" name="test_autocomplete_brand_type" time="0.166" /><testcase classname="backend.tests.test_iteration12_refactor.TestAutocomplete" name="test_autocomplete_field_club" time="0.140" /><testcase classname="backend.tests.test_iteration12_refactor.TestEstimation" name="test_estimate_price_replica" time="0.370" /><testcase classname="backend.tests.test_iteration12_refactor.TestEstimation" name="test_estimate_price_authentic" time="0.109" /><testcase classname="backend.tests.test_iteration12_refactor.TestSubmissions" name="test_list_submissions_pending" time="0.131" /><testcase classname="backend.tests.test_iteration12_refactor.TestSubmissions" name="test_list_submissions_approved" time="0.122" /><testcase classname="backend.tests.test_iteration12_refactor.TestReports" name="test_list_reports" time="0.129" /><testcase classname="backend.tests.test_iteration12_refactor.TestReviews" name="test_get_reviews_for_version" time="0.225" /><testcase classname="backend.tests.test_iteration12_refactor.TestAuthProtectedEndpoints" name="test_auth_me_requires_session" time="0.104" /><testcase classname="backend.tests.test_iteration12_refactor.TestAuthProtectedEndpoints" name="test_collections_requires_session" time="0.153" /><testcase classname="backend.tests.test_iteration12_refactor.TestAuthProtectedEndpoints" name="test_wishlist_requires_session" time="0.124" /><testcase classname="backend.tests.test_iteration12_refactor.TestAuthProtectedEndpoints" name="test_create_submission_requires_session" time="0.150" /><testcase classname="backend.tests.test_iteration12_refactor.TestEdgeCases" name="test_get_nonexistent_kit" time="0.120" /><testcase classname="backend.tests.test_iteration12_refactor.TestEdgeCases" name="test_get_nonexistent_version" time="0.150" /><testcase classname="backend.tests.test_iteration12_refactor.TestEdgeCases" name="test_get_nonexistent_team" time="0.145" /></testsuite></testsuites>