<?xml version="1.0" encoding="utf-8"?><testsuites name="pytest tests"><testsuite name="pytest" errors="0" failures="0" skipped="0" tests="17" time="3.538" timestamp="2026-02-18T09:41:05.613500+00:00" hostname="agent-env-e8eec0c3-f241-4fb2-98c1-bb15f3282298"><testcase classname="backend.tests.test_iteration6_features.TestAutocompleteEndpoint" name="test_autocomplete_club_returns_matching_clubs" time="0.154" /><testcase classname="backend.tests.test_iteration6_features.TestAutocompleteEndpoint" name="test_autocomplete_brand_returns_matching_brands" time="0.118" /><testcase classname="backend.tests.test_iteration6_features.TestAutocompleteEndpoint" name="test_autocomplete_sponsor_returns_matching_sponsors" time="0.113" /><testcase classname="backend.tests.test_iteration6_features.TestAutocompleteEndpoint" name="test_autocomplete_league_returns_matching_leagues" time="0.109" /><testcase classname="backend.tests.test_iteration6_features.TestAutocompleteEndpoint" name="test_autocomplete_invalid_field_returns_empty" time="0.112" /><testcase classname="backend.tests.test_iteration6_features.TestFiltersEndpoint" name="test_filters_returns_sponsors_array" time="0.105" /><testcase classname="backend.tests.test_iteration6_features.TestFiltersEndpoint" name="test_filters_returns_genders_array" time="0.104" /><testcase classname="backend.tests.test_iteration6_features.TestFiltersEndpoint" name="test_filters_returns_all_expected_arrays" time="0.107" /><testcase classname="backend.tests.test_iteration6_features.TestWishlistEndpoints" name="test_add_to_wishlist" time="0.664" /><testcase classname="backend.tests.test_iteration6_features.TestWishlistEndpoints" name="test_get_wishlist" time="0.102" /><testcase classname="backend.tests.test_iteration6_features.TestWishlistEndpoints" name="test_check_wishlist_returns_in_wishlist_true" time="0.114" /><testcase classname="backend.tests.test_iteration6_features.TestWishlistEndpoints" name="test_remove_from_wishlist" time="0.307" /><testcase classname="backend.tests.test_iteration6_features.TestWishlistEndpoints" name="test_wishlist_requires_auth" time="0.097" /><testcase classname="backend.tests.test_iteration6_features.TestCollectionWithNewFields" name="test_post_collections_accepts_new_fields" time="0.166" /><testcase classname="backend.tests.test_iteration6_features.TestCollectionWithNewFields" name="test_put_collections_accepts_new_fields" time="0.320" /><testcase classname="backend.tests.test_iteration6_features.TestVersionWithEanCode" name="test_create_version_with_ean_code" time="0.207" /><testcase classname="backend.tests.test_iteration6_features.TestMasterKitWithNewFields" name="test_create_master_kit_with_gender_and_sponsor" time="0.447" /></testsuite></testsuites>