<?xml version="1.0" encoding="utf-8"?><testsuites name="pytest tests"><testsuite name="pytest" errors="0" failures="0" skipped="0" tests="11" time="2.697" timestamp="2026-02-18T21:04:26.588050+00:00" hostname="agent-env-305d75b0-13c6-4d3e-9bca-fdf9f452ceb4"><testcase classname="backend.tests.test_iteration13_estimation_fix.TestEstimationEndpoint" name="test_estimate_replica_base" time="0.208" /><testcase classname="backend.tests.test_iteration13_estimation_fix.TestEstimationEndpoint" name="test_estimate_authentic_base" time="0.169" /><testcase classname="backend.tests.test_iteration13_estimation_fix.TestEstimationEndpoint" name="test_estimate_with_coefficients" time="0.148" /><testcase classname="backend.tests.test_iteration13_estimation_fix.TestEstimationEndpoint" name="test_estimate_negative_coefficient" time="0.183" /><testcase classname="backend.tests.test_iteration13_estimation_fix.TestCollectionStatsWithAuth" name="test_get_collection_stats_returns_values" time="0.173" /><testcase classname="backend.tests.test_iteration13_estimation_fix.TestCollectionStatsWithAuth" name="test_get_category_stats" time="0.158" /><testcase classname="backend.tests.test_iteration13_estimation_fix.TestCollectionStatsWithAuth" name="test_get_collection_items" time="0.172" /><testcase classname="backend.tests.test_iteration13_estimation_fix.TestCollectionCreateUpdateEstimation" name="test_add_to_collection_syncs_estimation_fields" time="0.297" /><testcase classname="backend.tests.test_iteration13_estimation_fix.TestCollectionCreateUpdateEstimation" name="test_update_collection_item_syncs_estimation" time="0.645" /><testcase classname="backend.tests.test_iteration13_estimation_fix.TestVersionEstimates" name="test_version_estimates_structure" time="0.351" /><testcase classname="backend.tests.test_iteration13_estimation_fix.TestEstimationFormula" name="test_formula_calculation" time="0.140" /></testsuite></testsuites>