<?xml version="1.0" encoding="utf-8"?><testsuites name="pytest tests"><testsuite name="pytest" errors="0" failures="0" skipped="0" tests="27" time="5.161" timestamp="2026-02-17T21:47:48.702552+00:00" hostname="agent-env-4cbe65d1-57a2-4a3f-a7f0-f7a51fc18290"><testcase classname="backend.tests.test_iteration5_features.TestStats" name="test_stats_shows_167_master_kits" time="0.189" /><testcase classname="backend.tests.test_iteration5_features.TestStats" name="test_stats_shows_0_versions" time="0.117" /><testcase classname="backend.tests.test_iteration5_features.TestMasterKitsNewFields" name="test_kit_has_design_field" time="0.157" /><testcase classname="backend.tests.test_iteration5_features.TestMasterKitsNewFields" name="test_kit_has_colors_field" time="0.221" /><testcase classname="backend.tests.test_iteration5_features.TestMasterKitsNewFields" name="test_kit_has_sponsor_field" time="0.166" /><testcase classname="backend.tests.test_iteration5_features.TestMasterKitsNewFields" name="test_kit_has_league_field" time="0.131" /><testcase classname="backend.tests.test_iteration5_features.TestMasterKitsNewFields" name="test_kit_has_competition_field" time="0.128" /><testcase classname="backend.tests.test_iteration5_features.TestMasterKitsNewFields" name="test_kit_has_source_url_field" time="0.117" /><testcase classname="backend.tests.test_iteration5_features.TestMasterKitsNewFields" name="test_barcelona_kit_has_correct_design" time="0.186" /><testcase classname="backend.tests.test_iteration5_features.TestMasterKitsNewFields" name="test_la_liga_kit_has_league" time="0.152" /><testcase classname="backend.tests.test_iteration5_features.TestFilters" name="test_filters_contain_designs" time="0.184" /><testcase classname="backend.tests.test_iteration5_features.TestFilters" name="test_filters_contain_leagues" time="0.142" /><testcase classname="backend.tests.test_iteration5_features.TestFilters" name="test_filters_designs_include_stripes" time="0.114" /><testcase classname="backend.tests.test_iteration5_features.TestFilters" name="test_filters_leagues_include_la_liga" time="0.144" /><testcase classname="backend.tests.test_iteration5_features.TestFilters" name="test_filters_all_8_clubs_present" time="0.240" /><testcase classname="backend.tests.test_iteration5_features.TestFiltering" name="test_filter_by_club_barcelona" time="0.161" /><testcase classname="backend.tests.test_iteration5_features.TestFiltering" name="test_filter_by_design_stripes" time="0.175" /><testcase classname="backend.tests.test_iteration5_features.TestFiltering" name="test_filter_by_league_la_liga" time="0.152" /><testcase classname="backend.tests.test_iteration5_features.TestImageProxy" name="test_image_proxy_valid_url" time="0.397" /><testcase classname="backend.tests.test_iteration5_features.TestImageProxy" name="test_image_proxy_rejects_non_cdn_url" time="0.170" /><testcase classname="backend.tests.test_iteration5_features.TestImageProxy" name="test_image_proxy_has_cache_header" time="0.287" /><testcase classname="backend.tests.test_iteration5_features.TestKitDetail" name="test_kit_detail_has_new_fields" time="0.558" /><testcase classname="backend.tests.test_iteration5_features.TestSearchAcrossNewFields" name="test_search_by_design_word" time="0.165" /><testcase classname="backend.tests.test_iteration5_features.TestSearchAcrossNewFields" name="test_search_by_colors" time="0.201" /><testcase classname="backend.tests.test_iteration5_features.TestDataIntegrity" name="test_21_seasons_exist" time="0.141" /><testcase classname="backend.tests.test_iteration5_features.TestDataIntegrity" name="test_8_clubs_exist" time="0.142" /><testcase classname="backend.tests.test_iteration5_features.TestDataIntegrity" name="test_each_team_has_21_kits" time="0.135" /></testsuite></testsuites>