<?xml version="1.0" encoding="utf-8"?><testsuites name="pytest tests"><testsuite name="pytest" errors="0" failures="0" skipped="0" tests="14" time="2.918" timestamp="2026-02-18T10:38:16.005368+00:00" hostname="agent-env-e8eec0c3-f241-4fb2-98c1-bb15f3282298"><testcase classname="backend.tests.test_iteration7_estimation.TestEstimationEndpoint" name="test_estimate_authentic_match_worn_full_options_2020" time="0.137" /><testcase classname="backend.tests.test_iteration7_estimation.TestEstimationEndpoint" name="test_estimate_replica_shop_used_personalized_2025" time="0.104" /><testcase classname="backend.tests.test_iteration7_estimation.TestEstimationEndpoint" name="test_estimate_replica_no_options" time="0.104" /><testcase classname="backend.tests.test_iteration7_estimation.TestEstimationEndpoint" name="test_estimate_authentic_no_options" time="0.102" /><testcase classname="backend.tests.test_iteration7_estimation.TestEstimationEndpoint" name="test_estimate_replica_club_stock_very_good_official_signed_no_proof_2015" time="0.099" /><testcase classname="backend.tests.test_iteration7_estimation.TestEstimationEndpoint" name="test_estimate_breakdown_contains_all_factors" time="0.133" /><testcase classname="backend.tests.test_iteration7_estimation.TestEstimationEndpoint" name="test_estimate_with_negative_state_coefficient" time="0.108" /><testcase classname="backend.tests.test_iteration7_estimation.TestEstimationEndpoint" name="test_estimate_needs_restoration" time="0.108" /><testcase classname="backend.tests.test_iteration7_estimation.TestEstimationEndpoint" name="test_estimate_age_coefficient_cap" time="0.098" /><testcase classname="backend.tests.test_iteration7_estimation.TestEstimationEndpoint" name="test_estimate_all_condition_origins" time="0.507" /><testcase classname="backend.tests.test_iteration7_estimation.TestEstimationEndpoint" name="test_estimate_all_physical_states" time="0.505" /><testcase classname="backend.tests.test_iteration7_estimation.TestEstimationEndpoint" name="test_estimate_flocking_origins" time="0.204" /><testcase classname="backend.tests.test_iteration7_estimation.TestCollectionEstimationFields" name="test_post_collection_accepts_estimated_price" time="0.293" /><testcase classname="backend.tests.test_iteration7_estimation.TestCollectionEstimationFields" name="test_put_collection_accepts_estimated_price" time="0.350" /></testsuite></testsuites>