<?xml version="1.0" encoding="utf-8"?><testsuites name="pytest tests"><testsuite name="pytest" errors="0" failures="2" skipped="0" tests="14" time="2.977" timestamp="2026-02-18T10:37:54.441649+00:00" hostname="agent-env-e8eec0c3-f241-4fb2-98c1-bb15f3282298"><testcase classname="backend.tests.test_iteration7_estimation.TestEstimationEndpoint" name="test_estimate_authentic_match_worn_full_options_2020" time="0.279" /><testcase classname="backend.tests.test_iteration7_estimation.TestEstimationEndpoint" name="test_estimate_replica_shop_used_personalized_2025" time="0.102" /><testcase classname="backend.tests.test_iteration7_estimation.TestEstimationEndpoint" name="test_estimate_replica_no_options" time="0.106" /><testcase classname="backend.tests.test_iteration7_estimation.TestEstimationEndpoint" name="test_estimate_authentic_no_options" time="0.130" /><testcase classname="backend.tests.test_iteration7_estimation.TestEstimationEndpoint" name="test_estimate_replica_club_stock_very_good_official_signed_no_proof_2015" time="0.099" /><testcase classname="backend.tests.test_iteration7_estimation.TestEstimationEndpoint" name="test_estimate_breakdown_contains_all_factors" time="0.128" /><testcase classname="backend.tests.test_iteration7_estimation.TestEstimationEndpoint" name="test_estimate_with_negative_state_coefficient" time="0.134" /><testcase classname="backend.tests.test_iteration7_estimation.TestEstimationEndpoint" name="test_estimate_needs_restoration" time="0.114" /><testcase classname="backend.tests.test_iteration7_estimation.TestEstimationEndpoint" name="test_estimate_age_coefficient_cap" time="0.106" /><testcase classname="backend.tests.test_iteration7_estimation.TestEstimationEndpoint" name="test_estimate_all_condition_origins" time="0.562" /><testcase classname="backend.tests.test_iteration7_estimation.TestEstimationEndpoint" name="test_estimate_all_physical_states" time="0.205"><failure message="AssertionError: State 'Very good': expected 99.00000000000001, got 99.0&#10;assert 99.0 == 99.00000000000001">backend/tests/test_iteration7_estimation.py:335: in test_estimate_all_physical_states
    assert data["estimated_price"] == expected_price, f"State '{state}': expected {expected_price}, got {data['estimated_price']}"
E   AssertionError: State 'Very good': expected 99.00000000000001, got 99.0
E   assert 99.0 == 99.00000000000001</failure></testcase><testcase classname="backend.tests.test_iteration7_estimation.TestEstimationEndpoint" name="test_estimate_flocking_origins" time="0.097"><failure message="AssertionError: Flocking 'Official': expected 103.49999999999999, got 103.5&#10;assert 103.5 == 103.49999999999999">backend/tests/test_iteration7_estimation.py:364: in test_estimate_flocking_origins
    assert data["estimated_price"] == expected_price, f"Flocking '{origin}': expected {expected_price}, got {data['estimated_price']}"
E   AssertionError: Flocking 'Official': expected 103.49999999999999, got 103.5
E   assert 103.5 == 103.49999999999999</failure></testcase><testcase classname="backend.tests.test_iteration7_estimation.TestCollectionEstimationFields" name="test_post_collection_accepts_estimated_price" time="0.343" /><testcase classname="backend.tests.test_iteration7_estimation.TestCollectionEstimationFields" name="test_put_collection_accepts_estimated_price" time="0.372" /></testsuite></testsuites>