<?xml version="1.0" encoding="utf-8"?><testsuites name="pytest tests"><testsuite name="pytest" errors="0" failures="0" skipped="0" tests="9" time="2.293" timestamp="2026-02-17T20:57:21.301885+00:00" hostname="agent-env-4cbe65d1-57a2-4a3f-a7f0-f7a51fc18290"><testcase classname="backend.tests.test_phase4_features.TestCollectionPrintingField" name="test_add_to_collection_with_printing_field" time="0.617" /><testcase classname="backend.tests.test_phase4_features.TestCollectionPrintingField" name="test_update_collection_item_with_printing" time="0.336" /><testcase classname="backend.tests.test_phase4_features.TestCollectionPrintingField" name="test_get_collection_returns_printing" time="0.132" /><testcase classname="backend.tests.test_phase4_features.TestSubmissionsAPI" name="test_create_master_kit_submission" time="0.164" /><testcase classname="backend.tests.test_phase4_features.TestSubmissionsAPI" name="test_create_version_submission" time="0.280" /><testcase classname="backend.tests.test_phase4_features.TestSubmissionsAPI" name="test_get_pending_submissions" time="0.150" /><testcase classname="backend.tests.test_phase4_features.TestReportsAPI" name="test_get_reports_with_original_data" time="0.110" /><testcase classname="backend.tests.test_phase4_features.TestReportsAPI" name="test_create_report_stores_original_data" time="0.273" /><testcase classname="backend.tests.test_phase4_features.TestNavbarChanges" name="test_navbar_endpoints" time="0.121" /></testsuite></testsuites>